<?xml version="1.0" encoding="UTF-8"?>
<!-- Generated by org.testng.reporters.JUnitXMLReporter -->
<testsuite ignored="1" hostname="LAPTOP-OJ1FS8O8" failures="0" tests="1" name="Error Validations Test" time="8.289" errors="0" timestamp="2024-05-11T14:33:29 CEST">
  <testcase classname="Tests.ErrorValidationsTest" name="LoginErrorValidation" time="0.426"/>
  <testcase classname="Tests.ErrorValidationsTest" name="ProductErrorValidation" time="0.0">
    <ignored/>
  </testcase> <!-- ProductErrorValidation -->
</testsuite> <!-- Error Validations Test -->
