<?xml version="1.0" encoding="UTF-8"?>
<!-- Generated by org.testng.reporters.JUnitXMLReporter -->
<testsuite ignored="0" hostname="LAPTOP-OJ1FS8O8" failures="0" tests="3" name="Submit Order Test" time="49.681" errors="0" timestamp="2024-05-12T16:07:09 CEST">
  <testcase classname="Tests.SubmitOrderTest" name="submitOrder" time="11.168"/>
  <testcase classname="Tests.SubmitOrderTest" name="submitOrder" time="11.636"/>
  <testcase classname="Tests.SubmitOrderTest" name="OrderHistoryTest" time="1.456"/>
</testsuite> <!-- Submit Order Test -->
